GowinSynthesis start
Running parser ...
Analyzing Verilog file '/home/cod3r/Data/Gowin/IDE/ipcore/DDR3/data/ddr3_1_2/ddr3_1_2code.v'
Analyzing included file 'ddr3_name.v'("/home/cod3r/Data/Gowin/IDE/ipcore/DDR3/data/ddr3_1_2/ddr3_1_2code.v":4391)
Back to file '/home/cod3r/Data/Gowin/IDE/ipcore/DDR3/data/ddr3_1_2/ddr3_1_2code.v'("/home/cod3r/Data/Gowin/IDE/ipcore/DDR3/data/ddr3_1_2/ddr3_1_2code.v":4391)
Analyzing included file 'DDR3_define.v'("/home/cod3r/Data/Gowin/IDE/ipcore/DDR3/data/ddr3_1_2/ddr3_1_2code.v":4391)
Back to file '/home/cod3r/Data/Gowin/IDE/ipcore/DDR3/data/ddr3_1_2/ddr3_1_2code.v'("/home/cod3r/Data/Gowin/IDE/ipcore/DDR3/data/ddr3_1_2/ddr3_1_2code.v":4391)
Analyzing included file 'gwmc_param.v'("/home/cod3r/Data/Gowin/IDE/ipcore/DDR3/data/ddr3_1_2/ddr3_1_2code.v":4391)
Back to file '/home/cod3r/Data/Gowin/IDE/ipcore/DDR3/data/ddr3_1_2/ddr3_1_2code.v'("/home/cod3r/Data/Gowin/IDE/ipcore/DDR3/data/ddr3_1_2/ddr3_1_2code.v":4391)
Analyzing included file '/home/cod3r/Data/Gowin/IDE/ipcore/DDR3/data/ddr3_1_2/gwmc_local_param.v'("/home/cod3r/Data/Gowin/IDE/ipcore/DDR3/data/ddr3_1_2/ddr3_1_2code.v":4391)
Back to file '/home/cod3r/Data/Gowin/IDE/ipcore/DDR3/data/ddr3_1_2/ddr3_1_2code.v'("/home/cod3r/Data/Gowin/IDE/ipcore/DDR3/data/ddr3_1_2/ddr3_1_2code.v":4391)
Analyzing included file 'ddr3_name.v'("/home/cod3r/Data/Gowin/IDE/ipcore/DDR3/data/ddr3_1_2/ddr3_1_2code.v":4391)
Back to file '/home/cod3r/Data/Gowin/IDE/ipcore/DDR3/data/ddr3_1_2/ddr3_1_2code.v'("/home/cod3r/Data/Gowin/IDE/ipcore/DDR3/data/ddr3_1_2/ddr3_1_2code.v":4391)
Analyzing included file 'DDR3_define.v'("/home/cod3r/Data/Gowin/IDE/ipcore/DDR3/data/ddr3_1_2/ddr3_1_2code.v":4391)
Back to file '/home/cod3r/Data/Gowin/IDE/ipcore/DDR3/data/ddr3_1_2/ddr3_1_2code.v'("/home/cod3r/Data/Gowin/IDE/ipcore/DDR3/data/ddr3_1_2/ddr3_1_2code.v":4391)
Analyzing included file 'gwmc_param.v'("/home/cod3r/Data/Gowin/IDE/ipcore/DDR3/data/ddr3_1_2/ddr3_1_2code.v":4391)
Back to file '/home/cod3r/Data/Gowin/IDE/ipcore/DDR3/data/ddr3_1_2/ddr3_1_2code.v'("/home/cod3r/Data/Gowin/IDE/ipcore/DDR3/data/ddr3_1_2/ddr3_1_2code.v":4391)
Analyzing included file '/home/cod3r/Data/Gowin/IDE/ipcore/DDR3/data/ddr3_1_2/gwmc_local_param.v'("/home/cod3r/Data/Gowin/IDE/ipcore/DDR3/data/ddr3_1_2/ddr3_1_2code.v":4391)
Back to file '/home/cod3r/Data/Gowin/IDE/ipcore/DDR3/data/ddr3_1_2/ddr3_1_2code.v'("/home/cod3r/Data/Gowin/IDE/ipcore/DDR3/data/ddr3_1_2/ddr3_1_2code.v":4391)
Analyzing included file 'gwmc_param.v'("/home/cod3r/Data/Gowin/IDE/ipcore/DDR3/data/ddr3_1_2/ddr3_1_2code.v":4391)
Back to file '/home/cod3r/Data/Gowin/IDE/ipcore/DDR3/data/ddr3_1_2/ddr3_1_2code.v'("/home/cod3r/Data/Gowin/IDE/ipcore/DDR3/data/ddr3_1_2/ddr3_1_2code.v":4391)
Analyzing included file '/home/cod3r/Data/Gowin/IDE/ipcore/DDR3/data/ddr3_1_2/gwmc_local_param.v'("/home/cod3r/Data/Gowin/IDE/ipcore/DDR3/data/ddr3_1_2/ddr3_1_2code.v":4391)
Back to file '/home/cod3r/Data/Gowin/IDE/ipcore/DDR3/data/ddr3_1_2/ddr3_1_2code.v'("/home/cod3r/Data/Gowin/IDE/ipcore/DDR3/data/ddr3_1_2/ddr3_1_2code.v":4391)
Analyzing included file 'gwmc_param.v'("/home/cod3r/Data/Gowin/IDE/ipcore/DDR3/data/ddr3_1_2/ddr3_1_2code.v":4391)
Back to file '/home/cod3r/Data/Gowin/IDE/ipcore/DDR3/data/ddr3_1_2/ddr3_1_2code.v'("/home/cod3r/Data/Gowin/IDE/ipcore/DDR3/data/ddr3_1_2/ddr3_1_2code.v":4391)
Analyzing included file '/home/cod3r/Data/Gowin/IDE/ipcore/DDR3/data/ddr3_1_2/gwmc_local_param.v'("/home/cod3r/Data/Gowin/IDE/ipcore/DDR3/data/ddr3_1_2/ddr3_1_2code.v":4391)
Back to file '/home/cod3r/Data/Gowin/IDE/ipcore/DDR3/data/ddr3_1_2/ddr3_1_2code.v'("/home/cod3r/Data/Gowin/IDE/ipcore/DDR3/data/ddr3_1_2/ddr3_1_2code.v":4391)
Analyzing included file 'gwmc_param.v'("/home/cod3r/Data/Gowin/IDE/ipcore/DDR3/data/ddr3_1_2/ddr3_1_2code.v":4391)
Back to file '/home/cod3r/Data/Gowin/IDE/ipcore/DDR3/data/ddr3_1_2/ddr3_1_2code.v'("/home/cod3r/Data/Gowin/IDE/ipcore/DDR3/data/ddr3_1_2/ddr3_1_2code.v":4391)
Analyzing included file '/home/cod3r/Data/Gowin/IDE/ipcore/DDR3/data/ddr3_1_2/gwmc_local_param.v'("/home/cod3r/Data/Gowin/IDE/ipcore/DDR3/data/ddr3_1_2/ddr3_1_2code.v":4391)
Back to file '/home/cod3r/Data/Gowin/IDE/ipcore/DDR3/data/ddr3_1_2/ddr3_1_2code.v'("/home/cod3r/Data/Gowin/IDE/ipcore/DDR3/data/ddr3_1_2/ddr3_1_2code.v":4391)
Analyzing included file 'gwmc_param.v'("/home/cod3r/Data/Gowin/IDE/ipcore/DDR3/data/ddr3_1_2/ddr3_1_2code.v":4391)
Back to file '/home/cod3r/Data/Gowin/IDE/ipcore/DDR3/data/ddr3_1_2/ddr3_1_2code.v'("/home/cod3r/Data/Gowin/IDE/ipcore/DDR3/data/ddr3_1_2/ddr3_1_2code.v":4391)
Analyzing included file '/home/cod3r/Data/Gowin/IDE/ipcore/DDR3/data/ddr3_1_2/gwmc_local_param.v'("/home/cod3r/Data/Gowin/IDE/ipcore/DDR3/data/ddr3_1_2/ddr3_1_2code.v":4391)
Back to file '/home/cod3r/Data/Gowin/IDE/ipcore/DDR3/data/ddr3_1_2/ddr3_1_2code.v'("/home/cod3r/Data/Gowin/IDE/ipcore/DDR3/data/ddr3_1_2/ddr3_1_2code.v":4391)
Analyzing included file 'gwmc_param.v'("/home/cod3r/Data/Gowin/IDE/ipcore/DDR3/data/ddr3_1_2/ddr3_1_2code.v":4391)
Back to file '/home/cod3r/Data/Gowin/IDE/ipcore/DDR3/data/ddr3_1_2/ddr3_1_2code.v'("/home/cod3r/Data/Gowin/IDE/ipcore/DDR3/data/ddr3_1_2/ddr3_1_2code.v":4391)
Analyzing included file '/home/cod3r/Data/Gowin/IDE/ipcore/DDR3/data/ddr3_1_2/gwmc_local_param.v'("/home/cod3r/Data/Gowin/IDE/ipcore/DDR3/data/ddr3_1_2/ddr3_1_2code.v":4391)
Back to file '/home/cod3r/Data/Gowin/IDE/ipcore/DDR3/data/ddr3_1_2/ddr3_1_2code.v'("/home/cod3r/Data/Gowin/IDE/ipcore/DDR3/data/ddr3_1_2/ddr3_1_2code.v":4391)
Undeclared symbol '**', assumed default net type '**'("/home/cod3r/Data/Gowin/IDE/ipcore/DDR3/data/ddr3_1_2/ddr3_1_2code.v":0)
Analyzing included file 'gwmc_param.v'("/home/cod3r/Data/Gowin/IDE/ipcore/DDR3/data/ddr3_1_2/ddr3_1_2code.v":4391)
Back to file '/home/cod3r/Data/Gowin/IDE/ipcore/DDR3/data/ddr3_1_2/ddr3_1_2code.v'("/home/cod3r/Data/Gowin/IDE/ipcore/DDR3/data/ddr3_1_2/ddr3_1_2code.v":4391)
Analyzing included file '/home/cod3r/Data/Gowin/IDE/ipcore/DDR3/data/ddr3_1_2/gwmc_local_param.v'("/home/cod3r/Data/Gowin/IDE/ipcore/DDR3/data/ddr3_1_2/ddr3_1_2code.v":4391)
Back to file '/home/cod3r/Data/Gowin/IDE/ipcore/DDR3/data/ddr3_1_2/ddr3_1_2code.v'("/home/cod3r/Data/Gowin/IDE/ipcore/DDR3/data/ddr3_1_2/ddr3_1_2code.v":4391)
Analyzing included file 'gwmc_param.v'("/home/cod3r/Data/Gowin/IDE/ipcore/DDR3/data/ddr3_1_2/ddr3_1_2code.v":4391)
Back to file '/home/cod3r/Data/Gowin/IDE/ipcore/DDR3/data/ddr3_1_2/ddr3_1_2code.v'("/home/cod3r/Data/Gowin/IDE/ipcore/DDR3/data/ddr3_1_2/ddr3_1_2code.v":4391)
Analyzing included file '/home/cod3r/Data/Gowin/IDE/ipcore/DDR3/data/ddr3_1_2/gwmc_local_param.v'("/home/cod3r/Data/Gowin/IDE/ipcore/DDR3/data/ddr3_1_2/ddr3_1_2code.v":4391)
Back to file '/home/cod3r/Data/Gowin/IDE/ipcore/DDR3/data/ddr3_1_2/ddr3_1_2code.v'("/home/cod3r/Data/Gowin/IDE/ipcore/DDR3/data/ddr3_1_2/ddr3_1_2code.v":4391)
Analyzing included file 'gwmc_param.v'("/home/cod3r/Data/Gowin/IDE/ipcore/DDR3/data/ddr3_1_2/ddr3_1_2code.v":4391)
Back to file '/home/cod3r/Data/Gowin/IDE/ipcore/DDR3/data/ddr3_1_2/ddr3_1_2code.v'("/home/cod3r/Data/Gowin/IDE/ipcore/DDR3/data/ddr3_1_2/ddr3_1_2code.v":4391)
Analyzing included file '/home/cod3r/Data/Gowin/IDE/ipcore/DDR3/data/ddr3_1_2/gwmc_local_param.v'("/home/cod3r/Data/Gowin/IDE/ipcore/DDR3/data/ddr3_1_2/ddr3_1_2code.v":4391)
Back to file '/home/cod3r/Data/Gowin/IDE/ipcore/DDR3/data/ddr3_1_2/ddr3_1_2code.v'("/home/cod3r/Data/Gowin/IDE/ipcore/DDR3/data/ddr3_1_2/ddr3_1_2code.v":4391)
WARN  (EX3801) : Parameter '**' becomes localparam in '**' with formal parameter declaration list("/home/cod3r/Data/Gowin/IDE/ipcore/DDR3/data/ddr3_1_2/ddr3_1_2code.v":0)
Analyzing included file 'gwmc_param.v'("/home/cod3r/Data/Gowin/IDE/ipcore/DDR3/data/ddr3_1_2/ddr3_1_2code.v":4391)
Back to file '/home/cod3r/Data/Gowin/IDE/ipcore/DDR3/data/ddr3_1_2/ddr3_1_2code.v'("/home/cod3r/Data/Gowin/IDE/ipcore/DDR3/data/ddr3_1_2/ddr3_1_2code.v":4391)
Analyzing included file '/home/cod3r/Data/Gowin/IDE/ipcore/DDR3/data/ddr3_1_2/gwmc_local_param.v'("/home/cod3r/Data/Gowin/IDE/ipcore/DDR3/data/ddr3_1_2/ddr3_1_2code.v":4391)
Back to file '/home/cod3r/Data/Gowin/IDE/ipcore/DDR3/data/ddr3_1_2/ddr3_1_2code.v'("/home/cod3r/Data/Gowin/IDE/ipcore/DDR3/data/ddr3_1_2/ddr3_1_2code.v":4391)
Undeclared symbol '**', assumed default net type '**'("/home/cod3r/Data/Gowin/IDE/ipcore/DDR3/data/ddr3_1_2/ddr3_1_2code.v":0)
Analyzing included file 'gwmc_param.v'("/home/cod3r/Data/Gowin/IDE/ipcore/DDR3/data/ddr3_1_2/ddr3_1_2code.v":4391)
Back to file '/home/cod3r/Data/Gowin/IDE/ipcore/DDR3/data/ddr3_1_2/ddr3_1_2code.v'("/home/cod3r/Data/Gowin/IDE/ipcore/DDR3/data/ddr3_1_2/ddr3_1_2code.v":4391)
Analyzing included file '/home/cod3r/Data/Gowin/IDE/ipcore/DDR3/data/ddr3_1_2/gwmc_local_param.v'("/home/cod3r/Data/Gowin/IDE/ipcore/DDR3/data/ddr3_1_2/ddr3_1_2code.v":4391)
Back to file '/home/cod3r/Data/Gowin/IDE/ipcore/DDR3/data/ddr3_1_2/ddr3_1_2code.v'("/home/cod3r/Data/Gowin/IDE/ipcore/DDR3/data/ddr3_1_2/ddr3_1_2code.v":4391)
Analyzing included file 'gwmc_param.v'("/home/cod3r/Data/Gowin/IDE/ipcore/DDR3/data/ddr3_1_2/ddr3_1_2code.v":4391)
Back to file '/home/cod3r/Data/Gowin/IDE/ipcore/DDR3/data/ddr3_1_2/ddr3_1_2code.v'("/home/cod3r/Data/Gowin/IDE/ipcore/DDR3/data/ddr3_1_2/ddr3_1_2code.v":4391)
Analyzing included file '/home/cod3r/Data/Gowin/IDE/ipcore/DDR3/data/ddr3_1_2/gwmc_local_param.v'("/home/cod3r/Data/Gowin/IDE/ipcore/DDR3/data/ddr3_1_2/ddr3_1_2code.v":4391)
Back to file '/home/cod3r/Data/Gowin/IDE/ipcore/DDR3/data/ddr3_1_2/ddr3_1_2code.v'("/home/cod3r/Data/Gowin/IDE/ipcore/DDR3/data/ddr3_1_2/ddr3_1_2code.v":4391)
Undeclared symbol '**', assumed default net type '**'("/home/cod3r/Data/Gowin/IDE/ipcore/DDR3/data/ddr3_1_2/ddr3_1_2code.v":0)
Undeclared symbol '**', assumed default net type '**'("/home/cod3r/Data/Gowin/IDE/ipcore/DDR3/data/ddr3_1_2/ddr3_1_2code.v":0)
Analyzing included file 'gwmc_param.v'("/home/cod3r/Data/Gowin/IDE/ipcore/DDR3/data/ddr3_1_2/ddr3_1_2code.v":4391)
Back to file '/home/cod3r/Data/Gowin/IDE/ipcore/DDR3/data/ddr3_1_2/ddr3_1_2code.v'("/home/cod3r/Data/Gowin/IDE/ipcore/DDR3/data/ddr3_1_2/ddr3_1_2code.v":4391)
Analyzing included file '/home/cod3r/Data/Gowin/IDE/ipcore/DDR3/data/ddr3_1_2/gwmc_local_param.v'("/home/cod3r/Data/Gowin/IDE/ipcore/DDR3/data/ddr3_1_2/ddr3_1_2code.v":4391)
Back to file '/home/cod3r/Data/Gowin/IDE/ipcore/DDR3/data/ddr3_1_2/ddr3_1_2code.v'("/home/cod3r/Data/Gowin/IDE/ipcore/DDR3/data/ddr3_1_2/ddr3_1_2code.v":4391)
Analyzing included file 'gwmc_param.v'("/home/cod3r/Data/Gowin/IDE/ipcore/DDR3/data/ddr3_1_2/ddr3_1_2code.v":4391)
Back to file '/home/cod3r/Data/Gowin/IDE/ipcore/DDR3/data/ddr3_1_2/ddr3_1_2code.v'("/home/cod3r/Data/Gowin/IDE/ipcore/DDR3/data/ddr3_1_2/ddr3_1_2code.v":4391)
Analyzing included file '/home/cod3r/Data/Gowin/IDE/ipcore/DDR3/data/ddr3_1_2/gwmc_local_param.v'("/home/cod3r/Data/Gowin/IDE/ipcore/DDR3/data/ddr3_1_2/ddr3_1_2code.v":4391)
Back to file '/home/cod3r/Data/Gowin/IDE/ipcore/DDR3/data/ddr3_1_2/ddr3_1_2code.v'("/home/cod3r/Data/Gowin/IDE/ipcore/DDR3/data/ddr3_1_2/ddr3_1_2code.v":4391)
Analyzing included file 'ddr3_name.v'("/home/cod3r/Data/Gowin/IDE/ipcore/DDR3/data/ddr3_1_2/ddr3_1_2code.v":4391)
Back to file '/home/cod3r/Data/Gowin/IDE/ipcore/DDR3/data/ddr3_1_2/ddr3_1_2code.v'("/home/cod3r/Data/Gowin/IDE/ipcore/DDR3/data/ddr3_1_2/ddr3_1_2code.v":4391)
Analyzing included file 'DDR3_define.v'("/home/cod3r/Data/Gowin/IDE/ipcore/DDR3/data/ddr3_1_2/ddr3_1_2code.v":4391)
Back to file '/home/cod3r/Data/Gowin/IDE/ipcore/DDR3/data/ddr3_1_2/ddr3_1_2code.v'("/home/cod3r/Data/Gowin/IDE/ipcore/DDR3/data/ddr3_1_2/ddr3_1_2code.v":4391)
Analyzing included file 'gwmc_param.v'("/home/cod3r/Data/Gowin/IDE/ipcore/DDR3/data/ddr3_1_2/ddr3_1_2code.v":4391)
Back to file '/home/cod3r/Data/Gowin/IDE/ipcore/DDR3/data/ddr3_1_2/ddr3_1_2code.v'("/home/cod3r/Data/Gowin/IDE/ipcore/DDR3/data/ddr3_1_2/ddr3_1_2code.v":4391)
Analyzing included file '/home/cod3r/Data/Gowin/IDE/ipcore/DDR3/data/ddr3_1_2/gwmc_local_param.v'("/home/cod3r/Data/Gowin/IDE/ipcore/DDR3/data/ddr3_1_2/ddr3_1_2code.v":4391)
Back to file '/home/cod3r/Data/Gowin/IDE/ipcore/DDR3/data/ddr3_1_2/ddr3_1_2code.v'("/home/cod3r/Data/Gowin/IDE/ipcore/DDR3/data/ddr3_1_2/ddr3_1_2code.v":4391)
Undeclared symbol '**', assumed default net type '**'("/home/cod3r/Data/Gowin/IDE/ipcore/DDR3/data/ddr3_1_2/ddr3_1_2code.v":0)
Undeclared symbol '**', assumed default net type '**'("/home/cod3r/Data/Gowin/IDE/ipcore/DDR3/data/ddr3_1_2/ddr3_1_2code.v":0)
Undeclared symbol '**', assumed default net type '**'("/home/cod3r/Data/Gowin/IDE/ipcore/DDR3/data/ddr3_1_2/ddr3_1_2code.v":0)
Undeclared symbol '**', assumed default net type '**'("/home/cod3r/Data/Gowin/IDE/ipcore/DDR3/data/ddr3_1_2/ddr3_1_2code.v":0)
Undeclared symbol '**', assumed default net type '**'("/home/cod3r/Data/Gowin/IDE/ipcore/DDR3/data/ddr3_1_2/ddr3_1_2code.v":0)
Undeclared symbol '**', assumed default net type '**'("/home/cod3r/Data/Gowin/IDE/ipcore/DDR3/data/ddr3_1_2/ddr3_1_2code.v":0)
Undeclared symbol '**', assumed default net type '**'("/home/cod3r/Data/Gowin/IDE/ipcore/DDR3/data/ddr3_1_2/ddr3_1_2code.v":0)
Undeclared symbol '**', assumed default net type '**'("/home/cod3r/Data/Gowin/IDE/ipcore/DDR3/data/ddr3_1_2/ddr3_1_2code.v":0)
Undeclared symbol '**', assumed default net type '**'("/home/cod3r/Data/Gowin/IDE/ipcore/DDR3/data/ddr3_1_2/ddr3_1_2code.v":0)
Undeclared symbol '**', assumed default net type '**'("/home/cod3r/Data/Gowin/IDE/ipcore/DDR3/data/ddr3_1_2/ddr3_1_2code.v":0)
Undeclared symbol '**', assumed default net type '**'("/home/cod3r/Data/Gowin/IDE/ipcore/DDR3/data/ddr3_1_2/ddr3_1_2code.v":0)
Undeclared symbol '**', assumed default net type '**'("/home/cod3r/Data/Gowin/IDE/ipcore/DDR3/data/ddr3_1_2/ddr3_1_2code.v":0)
Undeclared symbol '**', assumed default net type '**'("/home/cod3r/Data/Gowin/IDE/ipcore/DDR3/data/ddr3_1_2/ddr3_1_2code.v":0)
Undeclared symbol '**', assumed default net type '**'("/home/cod3r/Data/Gowin/IDE/ipcore/DDR3/data/ddr3_1_2/ddr3_1_2code.v":0)
Undeclared symbol '**', assumed default net type '**'("/home/cod3r/Data/Gowin/IDE/ipcore/DDR3/data/ddr3_1_2/ddr3_1_2code.v":0)
Analyzing included file 'gwmc_param.v'("/home/cod3r/Data/Gowin/IDE/ipcore/DDR3/data/ddr3_1_2/ddr3_1_2code.v":4391)
Back to file '/home/cod3r/Data/Gowin/IDE/ipcore/DDR3/data/ddr3_1_2/ddr3_1_2code.v'("/home/cod3r/Data/Gowin/IDE/ipcore/DDR3/data/ddr3_1_2/ddr3_1_2code.v":4391)
Analyzing included file '/home/cod3r/Data/Gowin/IDE/ipcore/DDR3/data/ddr3_1_2/gwmc_local_param.v'("/home/cod3r/Data/Gowin/IDE/ipcore/DDR3/data/ddr3_1_2/ddr3_1_2code.v":4391)
Back to file '/home/cod3r/Data/Gowin/IDE/ipcore/DDR3/data/ddr3_1_2/ddr3_1_2code.v'("/home/cod3r/Data/Gowin/IDE/ipcore/DDR3/data/ddr3_1_2/ddr3_1_2code.v":4391)
Undeclared symbol '**', assumed default net type '**'("/home/cod3r/Data/Gowin/IDE/ipcore/DDR3/data/ddr3_1_2/ddr3_1_2code.v":0)
Undeclared symbol '**', assumed default net type '**'("/home/cod3r/Data/Gowin/IDE/ipcore/DDR3/data/ddr3_1_2/ddr3_1_2code.v":0)
Analyzing Verilog file '/home/cod3r/Data/Gowin/IDE/ipcore/DDR3/data/ddr3_1_2/DDR3_TOP.v'
Analyzing included file 'ddr3_name.v'("/home/cod3r/Data/Gowin/IDE/ipcore/DDR3/data/ddr3_1_2/DDR3_TOP.v":2)
Back to file '/home/cod3r/Data/Gowin/IDE/ipcore/DDR3/data/ddr3_1_2/DDR3_TOP.v'("/home/cod3r/Data/Gowin/IDE/ipcore/DDR3/data/ddr3_1_2/DDR3_TOP.v":2)
Analyzing included file 'DDR3_define.v'("/home/cod3r/Data/Gowin/IDE/ipcore/DDR3/data/ddr3_1_2/DDR3_TOP.v":3)
Back to file '/home/cod3r/Data/Gowin/IDE/ipcore/DDR3/data/ddr3_1_2/DDR3_TOP.v'("/home/cod3r/Data/Gowin/IDE/ipcore/DDR3/data/ddr3_1_2/DDR3_TOP.v":3)
Analyzing included file 'gwmc_param.v'("/home/cod3r/Data/Gowin/IDE/ipcore/DDR3/data/ddr3_1_2/DDR3_TOP.v":60)
Back to file '/home/cod3r/Data/Gowin/IDE/ipcore/DDR3/data/ddr3_1_2/DDR3_TOP.v'("/home/cod3r/Data/Gowin/IDE/ipcore/DDR3/data/ddr3_1_2/DDR3_TOP.v":60)
Analyzing included file '/home/cod3r/Data/Gowin/IDE/ipcore/DDR3/data/ddr3_1_2/gwmc_local_param.v'("/home/cod3r/Data/Gowin/IDE/ipcore/DDR3/data/ddr3_1_2/DDR3_TOP.v":61)
Back to file '/home/cod3r/Data/Gowin/IDE/ipcore/DDR3/data/ddr3_1_2/DDR3_TOP.v'("/home/cod3r/Data/Gowin/IDE/ipcore/DDR3/data/ddr3_1_2/DDR3_TOP.v":61)
Compiling module 'DDR3_Memory_Interface_Top'("/home/cod3r/Data/Gowin/IDE/ipcore/DDR3/data/ddr3_1_2/DDR3_TOP.v":5)
Compiling module '**'("/home/cod3r/Data/Gowin/IDE/ipcore/DDR3/data/ddr3_1_2/ddr3_1_2code.v":0)
Compiling module '**'("/home/cod3r/Data/Gowin/IDE/ipcore/DDR3/data/ddr3_1_2/ddr3_1_2code.v":0)
Compiling module '**'("/home/cod3r/Data/Gowin/IDE/ipcore/DDR3/data/ddr3_1_2/ddr3_1_2code.v":0)
Extracting RAM for identifier '**'("/home/cod3r/Data/Gowin/IDE/ipcore/DDR3/data/ddr3_1_2/ddr3_1_2code.v":0)
Compiling module '**'("/home/cod3r/Data/Gowin/IDE/ipcore/DDR3/data/ddr3_1_2/ddr3_1_2code.v":0)
WARN  (EX3791) : Expression size ** truncated to fit in target size **("/home/cod3r/Data/Gowin/IDE/ipcore/DDR3/data/ddr3_1_2/ddr3_1_2code.v":0)
Compiling module '**'("/home/cod3r/Data/Gowin/IDE/ipcore/DDR3/data/ddr3_1_2/ddr3_1_2code.v":0)
Compiling module '**'("/home/cod3r/Data/Gowin/IDE/ipcore/DDR3/data/ddr3_1_2/ddr3_1_2code.v":0)
Compiling module '**'("/home/cod3r/Data/Gowin/IDE/ipcore/DDR3/data/ddr3_1_2/ddr3_1_2code.v":0)
Extracting RAM for identifier '**'("/home/cod3r/Data/Gowin/IDE/ipcore/DDR3/data/ddr3_1_2/ddr3_1_2code.v":0)
Compiling module '**'("/home/cod3r/Data/Gowin/IDE/ipcore/DDR3/data/ddr3_1_2/ddr3_1_2code.v":0)
Compiling module '**'("/home/cod3r/Data/Gowin/IDE/ipcore/DDR3/data/ddr3_1_2/ddr3_1_2code.v":0)
WARN  (EX3791) : Expression size ** truncated to fit in target size **("/home/cod3r/Data/Gowin/IDE/ipcore/DDR3/data/ddr3_1_2/ddr3_1_2code.v":0)
WARN  (EX1998) : Net '**' does not have a driver("/home/cod3r/Data/Gowin/IDE/ipcore/DDR3/data/ddr3_1_2/ddr3_1_2code.v":0)
Compiling module '**'("/home/cod3r/Data/Gowin/IDE/ipcore/DDR3/data/ddr3_1_2/ddr3_1_2code.v":0)
Compiling module '**'("/home/cod3r/Data/Gowin/IDE/ipcore/DDR3/data/ddr3_1_2/ddr3_1_2code.v":0)
Compiling module '**'("/home/cod3r/Data/Gowin/IDE/ipcore/DDR3/data/ddr3_1_2/ddr3_1_2code.v":0)
Compiling module '**'("/home/cod3r/Data/Gowin/IDE/ipcore/DDR3/data/ddr3_1_2/ddr3_1_2code.v":0)
Extracting RAM for identifier '**'("/home/cod3r/Data/Gowin/IDE/ipcore/DDR3/data/ddr3_1_2/ddr3_1_2code.v":0)
Extracting RAM for identifier '**'("/home/cod3r/Data/Gowin/IDE/ipcore/DDR3/data/ddr3_1_2/ddr3_1_2code.v":0)
Extracting RAM for identifier '**'("/home/cod3r/Data/Gowin/IDE/ipcore/DDR3/data/ddr3_1_2/ddr3_1_2code.v":0)
Extracting RAM for identifier '**'("/home/cod3r/Data/Gowin/IDE/ipcore/DDR3/data/ddr3_1_2/ddr3_1_2code.v":0)
Extracting RAM for identifier '**'("/home/cod3r/Data/Gowin/IDE/ipcore/DDR3/data/ddr3_1_2/ddr3_1_2code.v":0)
Extracting RAM for identifier '**'("/home/cod3r/Data/Gowin/IDE/ipcore/DDR3/data/ddr3_1_2/ddr3_1_2code.v":0)
Extracting RAM for identifier '**'("/home/cod3r/Data/Gowin/IDE/ipcore/DDR3/data/ddr3_1_2/ddr3_1_2code.v":0)
Extracting RAM for identifier '**'("/home/cod3r/Data/Gowin/IDE/ipcore/DDR3/data/ddr3_1_2/ddr3_1_2code.v":0)
Extracting RAM for identifier '**'("/home/cod3r/Data/Gowin/IDE/ipcore/DDR3/data/ddr3_1_2/ddr3_1_2code.v":0)
Compiling module '**'("/home/cod3r/Data/Gowin/IDE/ipcore/DDR3/data/ddr3_1_2/ddr3_1_2code.v":0)
Extracting RAM for identifier '**'("/home/cod3r/Data/Gowin/IDE/ipcore/DDR3/data/ddr3_1_2/ddr3_1_2code.v":0)
Extracting RAM for identifier '**'("/home/cod3r/Data/Gowin/IDE/ipcore/DDR3/data/ddr3_1_2/ddr3_1_2code.v":0)
Extracting RAM for identifier '**'("/home/cod3r/Data/Gowin/IDE/ipcore/DDR3/data/ddr3_1_2/ddr3_1_2code.v":0)
Extracting RAM for identifier '**'("/home/cod3r/Data/Gowin/IDE/ipcore/DDR3/data/ddr3_1_2/ddr3_1_2code.v":0)
Extracting RAM for identifier '**'("/home/cod3r/Data/Gowin/IDE/ipcore/DDR3/data/ddr3_1_2/ddr3_1_2code.v":0)
Extracting RAM for identifier '**'("/home/cod3r/Data/Gowin/IDE/ipcore/DDR3/data/ddr3_1_2/ddr3_1_2code.v":0)
Extracting RAM for identifier '**'("/home/cod3r/Data/Gowin/IDE/ipcore/DDR3/data/ddr3_1_2/ddr3_1_2code.v":0)
Extracting RAM for identifier '**'("/home/cod3r/Data/Gowin/IDE/ipcore/DDR3/data/ddr3_1_2/ddr3_1_2code.v":0)
Compiling module '**'("/home/cod3r/Data/Gowin/IDE/ipcore/DDR3/data/ddr3_1_2/ddr3_1_2code.v":0)
Compiling module '**'("/home/cod3r/Data/Gowin/IDE/ipcore/DDR3/data/ddr3_1_2/ddr3_1_2code.v":0)
Compiling module '**'("/home/cod3r/Data/Gowin/IDE/ipcore/DDR3/data/ddr3_1_2/ddr3_1_2code.v":0)
Extracting RAM for identifier '**'("/home/cod3r/Data/Gowin/IDE/ipcore/DDR3/data/ddr3_1_2/ddr3_1_2code.v":0)
Extracting RAM for identifier '**'("/home/cod3r/Data/Gowin/IDE/ipcore/DDR3/data/ddr3_1_2/ddr3_1_2code.v":0)
Extracting RAM for identifier '**'("/home/cod3r/Data/Gowin/IDE/ipcore/DDR3/data/ddr3_1_2/ddr3_1_2code.v":0)
Extracting RAM for identifier '**'("/home/cod3r/Data/Gowin/IDE/ipcore/DDR3/data/ddr3_1_2/ddr3_1_2code.v":0)
Extracting RAM for identifier '**'("/home/cod3r/Data/Gowin/IDE/ipcore/DDR3/data/ddr3_1_2/ddr3_1_2code.v":0)
Extracting RAM for identifier '**'("/home/cod3r/Data/Gowin/IDE/ipcore/DDR3/data/ddr3_1_2/ddr3_1_2code.v":0)
Extracting RAM for identifier '**'("/home/cod3r/Data/Gowin/IDE/ipcore/DDR3/data/ddr3_1_2/ddr3_1_2code.v":0)
Extracting RAM for identifier '**'("/home/cod3r/Data/Gowin/IDE/ipcore/DDR3/data/ddr3_1_2/ddr3_1_2code.v":0)
Extracting RAM for identifier '**'("/home/cod3r/Data/Gowin/IDE/ipcore/DDR3/data/ddr3_1_2/ddr3_1_2code.v":0)
Extracting RAM for identifier '**'("/home/cod3r/Data/Gowin/IDE/ipcore/DDR3/data/ddr3_1_2/ddr3_1_2code.v":0)
Extracting RAM for identifier '**'("/home/cod3r/Data/Gowin/IDE/ipcore/DDR3/data/ddr3_1_2/ddr3_1_2code.v":0)
Extracting RAM for identifier '**'("/home/cod3r/Data/Gowin/IDE/ipcore/DDR3/data/ddr3_1_2/ddr3_1_2code.v":0)
Extracting RAM for identifier '**'("/home/cod3r/Data/Gowin/IDE/ipcore/DDR3/data/ddr3_1_2/ddr3_1_2code.v":0)
Extracting RAM for identifier '**'("/home/cod3r/Data/Gowin/IDE/ipcore/DDR3/data/ddr3_1_2/ddr3_1_2code.v":0)
Extracting RAM for identifier '**'("/home/cod3r/Data/Gowin/IDE/ipcore/DDR3/data/ddr3_1_2/ddr3_1_2code.v":0)
Extracting RAM for identifier '**'("/home/cod3r/Data/Gowin/IDE/ipcore/DDR3/data/ddr3_1_2/ddr3_1_2code.v":0)
Extracting RAM for identifier '**'("/home/cod3r/Data/Gowin/IDE/ipcore/DDR3/data/ddr3_1_2/ddr3_1_2code.v":0)
Extracting RAM for identifier '**'("/home/cod3r/Data/Gowin/IDE/ipcore/DDR3/data/ddr3_1_2/ddr3_1_2code.v":0)
Extracting RAM for identifier '**'("/home/cod3r/Data/Gowin/IDE/ipcore/DDR3/data/ddr3_1_2/ddr3_1_2code.v":0)
Extracting RAM for identifier '**'("/home/cod3r/Data/Gowin/IDE/ipcore/DDR3/data/ddr3_1_2/ddr3_1_2code.v":0)
Extracting RAM for identifier '**'("/home/cod3r/Data/Gowin/IDE/ipcore/DDR3/data/ddr3_1_2/ddr3_1_2code.v":0)
Extracting RAM for identifier '**'("/home/cod3r/Data/Gowin/IDE/ipcore/DDR3/data/ddr3_1_2/ddr3_1_2code.v":0)
Extracting RAM for identifier '**'("/home/cod3r/Data/Gowin/IDE/ipcore/DDR3/data/ddr3_1_2/ddr3_1_2code.v":0)
Extracting RAM for identifier '**'("/home/cod3r/Data/Gowin/IDE/ipcore/DDR3/data/ddr3_1_2/ddr3_1_2code.v":0)
Extracting RAM for identifier '**'("/home/cod3r/Data/Gowin/IDE/ipcore/DDR3/data/ddr3_1_2/ddr3_1_2code.v":0)
Extracting RAM for identifier '**'("/home/cod3r/Data/Gowin/IDE/ipcore/DDR3/data/ddr3_1_2/ddr3_1_2code.v":0)
Extracting RAM for identifier '**'("/home/cod3r/Data/Gowin/IDE/ipcore/DDR3/data/ddr3_1_2/ddr3_1_2code.v":0)
WARN  (EX3791) : Expression size ** truncated to fit in target size **("/home/cod3r/Data/Gowin/IDE/ipcore/DDR3/data/ddr3_1_2/ddr3_1_2code.v":0)
Compiling module '**'("/home/cod3r/Data/Gowin/IDE/ipcore/DDR3/data/ddr3_1_2/ddr3_1_2code.v":0)
Compiling module '**'("/home/cod3r/Data/Gowin/IDE/ipcore/DDR3/data/ddr3_1_2/ddr3_1_2code.v":0)
Compiling module '**'("/home/cod3r/Data/Gowin/IDE/ipcore/DDR3/data/ddr3_1_2/ddr3_1_2code.v":0)
Compiling module '**'("/home/cod3r/Data/Gowin/IDE/ipcore/DDR3/data/ddr3_1_2/ddr3_1_2code.v":0)
WARN  (EX3791) : Expression size ** truncated to fit in target size **("/home/cod3r/Data/Gowin/IDE/ipcore/DDR3/data/ddr3_1_2/ddr3_1_2code.v":0)
Compiling module '**'("/home/cod3r/Data/Gowin/IDE/ipcore/DDR3/data/ddr3_1_2/ddr3_1_2code.v":0)
WARN  (EX3791) : Expression size ** truncated to fit in target size **("/home/cod3r/Data/Gowin/IDE/ipcore/DDR3/data/ddr3_1_2/ddr3_1_2code.v":0)
NOTE  (EX0101) : Current top module is "DDR3_Memory_Interface_Top"
[5%] Running netlist conversion ...
WARN  (CV0018) : Input addr[28] is unused("/home/cod3r/Data/Gowin/IDE/ipcore/DDR3/data/ddr3_1_2/DDR3_TOP.v":73)
WARN  (CV0016) : Input ref_req is unused("/home/cod3r/Data/Gowin/IDE/ipcore/DDR3/data/ddr3_1_2/DDR3_TOP.v":86)
Running device independent optimization ...
[10%] Optimizing Phase 0 completed
[15%] Optimizing Phase 1 completed
[25%] Optimizing Phase 2 completed
Running inference ...
[30%] Inferring Phase 0 completed
[40%] Inferring Phase 1 completed
[50%] Inferring Phase 2 completed
[55%] Inferring Phase 3 completed
Running technical mapping ...
[60%] Tech-Mapping Phase 0 completed
[65%] Tech-Mapping Phase 1 completed
[75%] Tech-Mapping Phase 2 completed
[80%] Tech-Mapping Phase 3 completed
[90%] Tech-Mapping Phase 4 completed
WARN  (NL0002) : The module "~IN_FIFO.DDR3_Memory_Interface_Top" instantiated to "u_in_fifo" is swept in optimizing("/home/cod3r/Data/Gowin/IDE/ipcore/DDR3/data/ddr3_1_2/ddr3_1_2code.v":0)
WARN  (NL0002) : The module "~OUT_FIFO.DDR3_Memory_Interface_Top" instantiated to "u_out_fifo" is swept in optimizing("/home/cod3r/Data/Gowin/IDE/ipcore/DDR3/data/ddr3_1_2/ddr3_1_2code.v":0)
WARN  (NL0002) : The module "~ddr_phy_reset_gen.DDR3_Memory_Interface_Top" instantiated to "u_ddr_phy_reset_gen" is swept in optimizing("/home/cod3r/Data/Gowin/IDE/ipcore/DDR3/data/ddr3_1_2/ddr3_1_2code.v":0)
[95%] Generate netlist file "/home/cod3r/Data/vhdl_playground/primer20k/project8_hdmi_real_ram_mono/src/ddr3_memory_interface/temp/DDR3/ddr3_memory_interface.vg" completed
[98%] Generate netlist file "/home/cod3r/Data/vhdl_playground/primer20k/project8_hdmi_real_ram_mono/src/ddr3_memory_interface/temp/DDR3/ddr3_memory_interface.vhg" completed
Generate netlist file "/home/cod3r/Data/vhdl_playground/primer20k/project8_hdmi_real_ram_mono/src/ddr3_memory_interface/temp/DDR3/ddr3_memory_interface.vho" completed
Generate template file "/home/cod3r/Data/vhdl_playground/primer20k/project8_hdmi_real_ram_mono/src/ddr3_memory_interface/temp/DDR3/ddr3_memory_interface_tmp.vhd" completed
[100%] Generate report file "/home/cod3r/Data/vhdl_playground/primer20k/project8_hdmi_real_ram_mono/src/ddr3_memory_interface/temp/DDR3/ddr3_memory_interface_syn.rpt.html" completed
GowinSynthesis finish
